<?xml version="1.0" encoding="utf-8"?><testsuites name="pytest tests"><testsuite name="pytest" errors="0" failures="0" skipped="0" tests="10" time="0.498" timestamp="2026-02-11T16:19:04.513073+00:00" hostname="agent-env-2a5c71d0-ee5d-4c90-b442-5683c0e81230"><testcase classname="backend.tests.test_seo.TestStaticSEOFiles" name="test_robots_txt_loads" time="0.063" /><testcase classname="backend.tests.test_seo.TestStaticSEOFiles" name="test_sitemap_xml_loads" time="0.043" /><testcase classname="backend.tests.test_seo.TestStaticSEOFiles" name="test_sitemap_contains_7_urls" time="0.035" /><testcase classname="backend.tests.test_seo.TestMainPagesLoad" name="test_home_page_loads" time="0.038" /><testcase classname="backend.tests.test_seo.TestMainPagesLoad" name="test_tools_page_loads" time="0.036" /><testcase classname="backend.tests.test_seo.TestMainPagesLoad" name="test_courses_page_loads" time="0.038" /><testcase classname="backend.tests.test_seo.TestMainPagesLoad" name="test_help_now_page_loads" time="0.039" /><testcase classname="backend.tests.test_seo.TestSEOLandingPages" name="test_panic_attack_help_page_loads" time="0.034" /><testcase classname="backend.tests.test_seo.TestSEOLandingPages" name="test_breathing_exercise_page_loads" time="0.033" /><testcase classname="backend.tests.test_seo.TestSEOLandingPages" name="test_anxiety_tools_page_loads" time="0.035" /></testsuite></testsuites>